<?xml version="1.0" encoding="UTF-8"?>
<!-- Generated by org.testng.reporters.JUnitReportReporter -->
<testsuite hostname="DESKTOP-KJ2AQ4I" failures="0" tests="1" name="webapp.runner1" time="41.640" errors="0" timestamp="2022-11-30T21:57:58 IST" skipped="0">
  <testcase classname="webapp.runner1" name="test1" time="41.640"/>
  <system-out/>
</testsuite> <!-- webapp.runner1 -->
