<?xml version="1.0" encoding="UTF-8"?>
<!-- Generated by org.testng.reporters.JUnitReportReporter -->
<testsuite hostname="DESKTOP-KJ2AQ4I" failures="0" tests="1" name="webapp.orangehrmmobile" time="67.353" errors="0" timestamp="2022-12-01T13:21:54 IST" skipped="0">
  <testcase classname="webapp.orangehrmmobile" name="test1" time="67.353"/>
  <system-out/>
</testsuite> <!-- webapp.orangehrmmobile -->
