<?xml version="1.0" encoding="UTF-8"?>
<!-- Generated by org.testng.reporters.JUnitReportReporter -->
<testsuite hostname="DESKTOP-KJ2AQ4I" failures="0" tests="2" name="webapp.prcti1" time="12.859" errors="1" timestamp="2022-12-04T16:36:42 IST" skipped="1">
  <testcase classname="webapp.prcti1" name="test" time="0.000">
    <skipped/>
  </testcase> <!-- test -->
  <system-out/>
  <testcase classname="webapp.prcti1" name="befortest" time="12.859">
    <error message="Unable to create a new remote session. Please check the server log for more details. Original error: An unknown server-side error occurred while processing the command. Original error: Cannot start the &#039;com.myntra.android&#039; application. Visit https://github.com/appium/appium/blob/master/docs/en/writing-running-appium/android/activity-startup.md for troubleshooting. Original error: Error executing adbExec. Original error: &#039;Command &#039;C:\\Users\\babu1\\AppData\\Local\\Android\\Sdk\\platform-tools\\adb.exe -P 5037 -s emulator-5554 shell am start -W -n com.myntra.android/com.myntra.android.activities.CartActivity -S&#039; exited with code 255&#039;; Stderr: &#039;Security exception: Permission Denial: starting Intent { flg=0x10000000 cmp=com.myntra.android/.activities.CartActivity } from null (pid=10007, uid=2000) not exported from uid 10088

java.lang.SecurityException: Permission Denial: starting Intent { flg=0x10000000 cmp=com.myntra.android/.activities.CartActivity } from null (pid=10007, uid=2000) not exported from uid 10088
	at com.android.server.am.ActivityStackSupervisor.checkStartAnyActivityPermission(ActivityStackSupervisor.java:1624)
	at com.android.server.am.ActivityStarter.startActivity(ActivityStarter.java:434)
	at com.android.server.am.ActivityStarter.startActivityLocked(ActivityStarter.java:273)
	at com.android.server.am.ActivityStarter.startActivityMayWait(ActivityStarter.java:827)
	at com.android.server.am.ActivityManagerService.startActivityAndWait(ActivityManagerService.java:4591)
	at com.android.server.am.ActivityManagerShellCommand.runStartActivity(ActivityManagerShellCommand.java:405)
	at com.android.server.am.ActivityManagerShellCommand.onCommand(ActivityManagerShellCommand.java:141)
	at android.os.ShellCommand.exec(ShellCommand.java:96)
	at com.android.server.am.ActivityManagerService.onShellCommand(ActivityManagerService.java:14889)
	at android.os.Binder.shellCommand(Binder.java:573)
	at android.os.Binder.onTransact(Binder.java:473)
	at android.app.IActivityManager$Stub.onTransact(IActivityManager.java:4256)
	at com.android.server.am.ActivityManagerService.onTransact(ActivityManagerService.java:2935)
	at android.os.Binder.execTransact(Binder.java:674)&#039;; Code: &#039;255&#039;
Build info: version: &#039;3.141.59&#039;, revision: &#039;e82be7d358&#039;, time: &#039;2018-11-14T08:17:03&#039;
System info: host: &#039;DESKTOP-KJ2AQ4I&#039;, ip: &#039;192.168.30.1&#039;, os.name: &#039;Windows 10&#039;, os.arch: &#039;amd64&#039;, os.version: &#039;10.0&#039;, java.version: &#039;17.0.4.1&#039;
Driver info: driver.version: AndroidDriver
remote stacktrace: UnknownError: An unknown server-side error occurred while processing the command. Original error: Cannot start the &#039;com.myntra.android&#039; application. Visit https://github.com/appium/appium/blob/master/docs/en/writing-running-appium/android/activity-startup.md for troubleshooting. Original error: Error executing adbExec. Original error: &#039;Command &#039;C:\\Users\\babu1\\AppData\\Local\\Android\\Sdk\\platform-tools\\adb.exe -P 5037 -s emulator-5554 shell am start -W -n com.myntra.android/com.myntra.android.activities.CartActivity -S&#039; exited with code 255&#039;; Stderr: &#039;Security exception: Permission Denial: starting Intent { flg=0x10000000 cmp=com.myntra.android/.activities.CartActivity } from null (pid=10007, uid=2000) not exported from uid 10088

java.lang.SecurityException: Permission Denial: starting Intent { flg=0x10000000 cmp=com.myntra.android/.activities.CartActivity } from null (pid=10007, uid=2000) not exported from uid 10088
	at com.android.server.am.ActivityStackSupervisor.checkStartAnyActivityPermission(ActivityStackSupervisor.java:1624)
	at com.android.server.am.ActivityStarter.startActivity(ActivityStarter.java:434)
	at com.android.server.am.ActivityStarter.startActivityLocked(ActivityStarter.java:273)
	at com.android.server.am.ActivityStarter.startActivityMayWait(ActivityStarter.java:827)
	at com.android.server.am.ActivityManagerService.startActivityAndWait(ActivityManagerService.java:4591)
	at com.android.server.am.ActivityManagerShellCommand.runStartActivity(ActivityManagerShellCommand.java:405)
	at com.android.server.am.ActivityManagerShellCommand.onCommand(ActivityManagerShellCommand.java:141)
	at android.os.ShellCommand.exec(ShellCommand.java:96)
	at com.android.server.am.ActivityManagerService.onShellCommand(ActivityManagerService.java:14889)
	at android.os.Binder.shellCommand(Binder.java:573)
	at android.os.Binder.onTransact(Binder.java:473)
	at android.app.IActivityManager$Stub.onTransact(IActivityManager.java:4256)
	at com.android.server.am.ActivityManagerService.onTransact(ActivityManagerService.java:2935)
	at android.os.Binder.execTransact(Binder.java:674)&#039;; Code: &#039;255&#039;
    at getResponseForW3CError (C:\Users\babu1\AppData\Local\Programs\Appium\resources\app\node_modules\appium\node_modules\appium-base-driver\lib\protocol\errors.js:804:9)
    at asyncHandler (C:\Users\babu1\AppData\Local\Programs\Appium\resources\app\node_modules\appium\node_modules\appium-base-driver\lib\protocol\protocol.js:392:37)
Build info: version: &#039;3.141.59&#039;, revision: &#039;e82be7d358&#039;, time: &#039;2018-11-14T08:17:03&#039;
System info: host: &#039;DESKTOP-KJ2AQ4I&#039;, ip: &#039;192.168.30.1&#039;, os.name: &#039;Windows 10&#039;, os.arch: &#039;amd64&#039;, os.version: &#039;10.0&#039;, java.version: &#039;17.0.4.1&#039;
Driver info: driver.version: AndroidDriver" type="org.openqa.selenium.SessionNotCreatedException">
      <![CDATA[org.openqa.selenium.SessionNotCreatedException: Unable to create a new remote session. Please check the server log for more details. Original error: An unknown server-side error occurred while processing the command. Original error: Cannot start the 'com.myntra.android' application. Visit https://github.com/appium/appium/blob/master/docs/en/writing-running-appium/android/activity-startup.md for troubleshooting. Original error: Error executing adbExec. Original error: 'Command 'C:\\Users\\babu1\\AppData\\Local\\Android\\Sdk\\platform-tools\\adb.exe -P 5037 -s emulator-5554 shell am start -W -n com.myntra.android/com.myntra.android.activities.CartActivity -S' exited with code 255'; Stderr: 'Security exception: Permission Denial: starting Intent { flg=0x10000000 cmp=com.myntra.android/.activities.CartActivity } from null (pid=10007, uid=2000) not exported from uid 10088

java.lang.SecurityException: Permission Denial: starting Intent { flg=0x10000000 cmp=com.myntra.android/.activities.CartActivity } from null (pid=10007, uid=2000) not exported from uid 10088
at com.android.server.am.ActivityStackSupervisor.checkStartAnyActivityPermission(ActivityStackSupervisor.java:1624)
at com.android.server.am.ActivityStarter.startActivity(ActivityStarter.java:434)
at com.android.server.am.ActivityStarter.startActivityLocked(ActivityStarter.java:273)
at com.android.server.am.ActivityStarter.startActivityMayWait(ActivityStarter.java:827)
at com.android.server.am.ActivityManagerService.startActivityAndWait(ActivityManagerService.java:4591)
at com.android.server.am.ActivityManagerShellCommand.runStartActivity(ActivityManagerShellCommand.java:405)
at com.android.server.am.ActivityManagerShellCommand.onCommand(ActivityManagerShellCommand.java:141)
at android.os.ShellCommand.exec(ShellCommand.java:96)
at com.android.server.am.ActivityManagerService.onShellCommand(ActivityManagerService.java:14889)
at android.os.Binder.shellCommand(Binder.java:573)
at android.os.Binder.onTransact(Binder.java:473)
at android.app.IActivityManager$Stub.onTransact(IActivityManager.java:4256)
at com.android.server.am.ActivityManagerService.onTransact(ActivityManagerService.java:2935)
at android.os.Binder.execTransact(Binder.java:674)'; Code: '255'
Build info: version: '3.141.59', revision: 'e82be7d358', time: '2018-11-14T08:17:03'
System info: host: 'DESKTOP-KJ2AQ4I', ip: '192.168.30.1', os.name: 'Windows 10', os.arch: 'amd64', os.version: '10.0', java.version: '17.0.4.1'
Driver info: driver.version: AndroidDriver
remote stacktrace: UnknownError: An unknown server-side error occurred while processing the command. Original error: Cannot start the 'com.myntra.android' application. Visit https://github.com/appium/appium/blob/master/docs/en/writing-running-appium/android/activity-startup.md for troubleshooting. Original error: Error executing adbExec. Original error: 'Command 'C:\\Users\\babu1\\AppData\\Local\\Android\\Sdk\\platform-tools\\adb.exe -P 5037 -s emulator-5554 shell am start -W -n com.myntra.android/com.myntra.android.activities.CartActivity -S' exited with code 255'; Stderr: 'Security exception: Permission Denial: starting Intent { flg=0x10000000 cmp=com.myntra.android/.activities.CartActivity } from null (pid=10007, uid=2000) not exported from uid 10088

java.lang.SecurityException: Permission Denial: starting Intent { flg=0x10000000 cmp=com.myntra.android/.activities.CartActivity } from null (pid=10007, uid=2000) not exported from uid 10088
at com.android.server.am.ActivityStackSupervisor.checkStartAnyActivityPermission(ActivityStackSupervisor.java:1624)
at com.android.server.am.ActivityStarter.startActivity(ActivityStarter.java:434)
at com.android.server.am.ActivityStarter.startActivityLocked(ActivityStarter.java:273)
at com.android.server.am.ActivityStarter.startActivityMayWait(ActivityStarter.java:827)
at com.android.server.am.ActivityManagerService.startActivityAndWait(ActivityManagerService.java:4591)
at com.android.server.am.ActivityManagerShellCommand.runStartActivity(ActivityManagerShellCommand.java:405)
at com.android.server.am.ActivityManagerShellCommand.onCommand(ActivityManagerShellCommand.java:141)
at android.os.ShellCommand.exec(ShellCommand.java:96)
at com.android.server.am.ActivityManagerService.onShellCommand(ActivityManagerService.java:14889)
at android.os.Binder.shellCommand(Binder.java:573)
at android.os.Binder.onTransact(Binder.java:473)
at android.app.IActivityManager$Stub.onTransact(IActivityManager.java:4256)
at com.android.server.am.ActivityManagerService.onTransact(ActivityManagerService.java:2935)
at android.os.Binder.execTransact(Binder.java:674)'; Code: '255'
    at getResponseForW3CError (C:\Users\babu1\AppData\Local\Programs\Appium\resources\app\node_modules\appium\node_modules\appium-base-driver\lib\protocol\errors.js:804:9)
    at asyncHandler (C:\Users\babu1\AppData\Local\Programs\Appium\resources\app\node_modules\appium\node_modules\appium-base-driver\lib\protocol\protocol.js:392:37)
Build info: version: '3.141.59', revision: 'e82be7d358', time: '2018-11-14T08:17:03'
System info: host: 'DESKTOP-KJ2AQ4I', ip: '192.168.30.1', os.name: 'Windows 10', os.arch: 'amd64', os.version: '10.0', java.version: '17.0.4.1'
Driver info: driver.version: AndroidDriver
at io.appium.java_client.remote.AppiumCommandExecutor$1.createSession(AppiumCommandExecutor.java:216)
at io.appium.java_client.remote.AppiumCommandExecutor.createSession(AppiumCommandExecutor.java:225)
at io.appium.java_client.remote.AppiumCommandExecutor.execute(AppiumCommandExecutor.java:250)
at org.openqa.selenium.remote.RemoteWebDriver.execute(RemoteWebDriver.java:552)
at io.appium.java_client.DefaultGenericMobileDriver.execute(DefaultGenericMobileDriver.java:41)
at io.appium.java_client.AppiumDriver.execute(AppiumDriver.java:1)
at io.appium.java_client.android.AndroidDriver.execute(AndroidDriver.java:1)
at org.openqa.selenium.remote.RemoteWebDriver.startSession(RemoteWebDriver.java:213)
at io.appium.java_client.AppiumDriver.startSession(AppiumDriver.java:363)
at org.openqa.selenium.remote.RemoteWebDriver.<init>(RemoteWebDriver.java:131)
at io.appium.java_client.DefaultGenericMobileDriver.<init>(DefaultGenericMobileDriver.java:37)
at io.appium.java_client.AppiumDriver.<init>(AppiumDriver.java:89)
at io.appium.java_client.AppiumDriver.<init>(AppiumDriver.java:99)
at io.appium.java_client.android.AndroidDriver.<init>(AndroidDriver.java:97)
at webapp.prcti1.befortest(prcti1.java:38)
at java.base/jdk.internal.reflect.NativeMethodAccessorImpl.invoke0(Native Method)
at java.base/jdk.internal.reflect.NativeMethodAccessorImpl.invoke(NativeMethodAccessorImpl.java:77)
at java.base/jdk.internal.reflect.DelegatingMethodAccessorImpl.invoke(DelegatingMethodAccessorImpl.java:43)
at java.base/java.lang.reflect.Method.invoke(Method.java:568)
at org.testng.internal.invokers.MethodInvocationHelper.invokeMethod(MethodInvocationHelper.java:139)
at org.testng.internal.invokers.MethodInvocationHelper.invokeMethodConsideringTimeout(MethodInvocationHelper.java:69)
at org.testng.internal.invokers.ConfigInvoker.invokeConfigurationMethod(ConfigInvoker.java:361)
at org.testng.internal.invokers.ConfigInvoker.invokeConfigurations(ConfigInvoker.java:296)
at org.testng.TestRunner.invokeTestConfigurations(TestRunner.java:643)
at org.testng.TestRunner.beforeRun(TestRunner.java:632)
at org.testng.TestRunner.run(TestRunner.java:594)
at org.testng.SuiteRunner.runTest(SuiteRunner.java:433)
at org.testng.SuiteRunner.runSequentially(SuiteRunner.java:427)
at org.testng.SuiteRunner.privateRun(SuiteRunner.java:387)
at org.testng.SuiteRunner.run(SuiteRunner.java:330)
at org.testng.SuiteRunnerWorker.runSuite(SuiteRunnerWorker.java:52)
at org.testng.SuiteRunnerWorker.run(SuiteRunnerWorker.java:95)
at org.testng.TestNG.runSuitesSequentially(TestNG.java:1256)
at org.testng.TestNG.runSuitesLocally(TestNG.java:1176)
at org.testng.TestNG.runSuites(TestNG.java:1099)
at org.testng.TestNG.run(TestNG.java:1067)
at org.testng.remote.AbstractRemoteTestNG.run(AbstractRemoteTestNG.java:115)
at org.testng.remote.RemoteTestNG.initAndRun(RemoteTestNG.java:251)
at org.testng.remote.RemoteTestNG.main(RemoteTestNG.java:77)
Caused by: java.lang.reflect.InvocationTargetException
at java.base/jdk.internal.reflect.NativeMethodAccessorImpl.invoke0(Native Method)
at java.base/jdk.internal.reflect.NativeMethodAccessorImpl.invoke(NativeMethodAccessorImpl.java:77)
at java.base/jdk.internal.reflect.DelegatingMethodAccessorImpl.invoke(DelegatingMethodAccessorImpl.java:43)
at java.base/java.lang.reflect.Method.invoke(Method.java:568)
at io.appium.java_client.remote.AppiumCommandExecutor$1.createSession(AppiumCommandExecutor.java:193)
... 38 more
Caused by: org.openqa.selenium.WebDriverException: An unknown server-side error occurred while processing the command. Original error: Cannot start the 'com.myntra.android' application. Visit https://github.com/appium/appium/blob/master/docs/en/writing-running-appium/android/activity-startup.md for troubleshooting. Original error: Error executing adbExec. Original error: 'Command 'C:\\Users\\babu1\\AppData\\Local\\Android\\Sdk\\platform-tools\\adb.exe -P 5037 -s emulator-5554 shell am start -W -n com.myntra.android/com.myntra.android.activities.CartActivity -S' exited with code 255'; Stderr: 'Security exception: Permission Denial: starting Intent { flg=0x10000000 cmp=com.myntra.android/.activities.CartActivity } from null (pid=10007, uid=2000) not exported from uid 10088

java.lang.SecurityException: Permission Denial: starting Intent { flg=0x10000000 cmp=com.myntra.android/.activities.CartActivity } from null (pid=10007, uid=2000) not exported from uid 10088
at com.android.server.am.ActivityStackSupervisor.checkStartAnyActivityPermission(ActivityStackSupervisor.java:1624)
at com.android.server.am.ActivityStarter.startActivity(ActivityStarter.java:434)
at com.android.server.am.ActivityStarter.startActivityLocked(ActivityStarter.java:273)
at com.android.server.am.ActivityStarter.startActivityMayWait(ActivityStarter.java:827)
at com.android.server.am.ActivityManagerService.startActivityAndWait(ActivityManagerService.java:4591)
at com.android.server.am.ActivityManagerShellCommand.runStartActivity(ActivityManagerShellCommand.java:405)
at com.android.server.am.ActivityManagerShellCommand.onCommand(ActivityManagerShellCommand.java:141)
at android.os.ShellCommand.exec(ShellCommand.java:96)
at com.android.server.am.ActivityManagerService.onShellCommand(ActivityManagerService.java:14889)
at android.os.Binder.shellCommand(Binder.java:573)
at android.os.Binder.onTransact(Binder.java:473)
at android.app.IActivityManager$Stub.onTransact(IActivityManager.java:4256)
at com.android.server.am.ActivityManagerService.onTransact(ActivityManagerService.java:2935)
at android.os.Binder.execTransact(Binder.java:674)'; Code: '255'
Build info: version: '3.141.59', revision: 'e82be7d358', time: '2018-11-14T08:17:03'
System info: host: 'DESKTOP-KJ2AQ4I', ip: '192.168.30.1', os.name: 'Windows 10', os.arch: 'amd64', os.version: '10.0', java.version: '17.0.4.1'
Driver info: driver.version: AndroidDriver
remote stacktrace: UnknownError: An unknown server-side error occurred while processing the command. Original error: Cannot start the 'com.myntra.android' application. Visit https://github.com/appium/appium/blob/master/docs/en/writing-running-appium/android/activity-startup.md for troubleshooting. Original error: Error executing adbExec. Original error: 'Command 'C:\\Users\\babu1\\AppData\\Local\\Android\\Sdk\\platform-tools\\adb.exe -P 5037 -s emulator-5554 shell am start -W -n com.myntra.android/com.myntra.android.activities.CartActivity -S' exited with code 255'; Stderr: 'Security exception: Permission Denial: starting Intent { flg=0x10000000 cmp=com.myntra.android/.activities.CartActivity } from null (pid=10007, uid=2000) not exported from uid 10088

java.lang.SecurityException: Permission Denial: starting Intent { flg=0x10000000 cmp=com.myntra.android/.activities.CartActivity } from null (pid=10007, uid=2000) not exported from uid 10088
at com.android.server.am.ActivityStackSupervisor.checkStartAnyActivityPermission(ActivityStackSupervisor.java:1624)
at com.android.server.am.ActivityStarter.startActivity(ActivityStarter.java:434)
at com.android.server.am.ActivityStarter.startActivityLocked(ActivityStarter.java:273)
at com.android.server.am.ActivityStarter.startActivityMayWait(ActivityStarter.java:827)
at com.android.server.am.ActivityManagerService.startActivityAndWait(ActivityManagerService.java:4591)
at com.android.server.am.ActivityManagerShellCommand.runStartActivity(ActivityManagerShellCommand.java:405)
at com.android.server.am.ActivityManagerShellCommand.onCommand(ActivityManagerShellCommand.java:141)
at android.os.ShellCommand.exec(ShellCommand.java:96)
at com.android.server.am.ActivityManagerService.onShellCommand(ActivityManagerService.java:14889)
at android.os.Binder.shellCommand(Binder.java:573)
at android.os.Binder.onTransact(Binder.java:473)
at android.app.IActivityManager$Stub.onTransact(IActivityManager.java:4256)
at com.android.server.am.ActivityManagerService.onTransact(ActivityManagerService.java:2935)
at android.os.Binder.execTransact(Binder.java:674)'; Code: '255'
    at getResponseForW3CError (C:\Users\babu1\AppData\Local\Programs\Appium\resources\app\node_modules\appium\node_modules\appium-base-driver\lib\protocol\errors.js:804:9)
    at asyncHandler (C:\Users\babu1\AppData\Local\Programs\Appium\resources\app\node_modules\appium\node_modules\appium-base-driver\lib\protocol\protocol.js:392:37)
at java.base/jdk.internal.reflect.NativeConstructorAccessorImpl.newInstance0(Native Method)
at java.base/jdk.internal.reflect.NativeConstructorAccessorImpl.newInstance(NativeConstructorAccessorImpl.java:77)
at java.base/jdk.internal.reflect.DelegatingConstructorAccessorImpl.newInstance(DelegatingConstructorAccessorImpl.java:45)
at java.base/java.lang.reflect.Constructor.newInstanceWithCaller(Constructor.java:499)
at java.base/java.lang.reflect.Constructor.newInstance(Constructor.java:480)
at org.openqa.selenium.remote.W3CHandshakeResponse.lambda$errorHandler$0(W3CHandshakeResponse.java:62)
at org.openqa.selenium.remote.HandshakeResponse.lambda$getResponseFunction$0(HandshakeResponse.java:30)
at org.openqa.selenium.remote.ProtocolHandshake.lambda$createSession$0(ProtocolHandshake.java:126)
at java.base/java.util.stream.ReferencePipeline$3$1.accept(ReferencePipeline.java:197)
at java.base/java.util.Spliterators$ArraySpliterator.tryAdvance(Spliterators.java:1002)
at java.base/java.util.stream.ReferencePipeline.forEachWithCancel(ReferencePipeline.java:129)
at java.base/java.util.stream.AbstractPipeline.copyIntoWithCancel(AbstractPipeline.java:527)
at java.base/java.util.stream.AbstractPipeline.copyInto(AbstractPipeline.java:513)
at java.base/java.util.stream.AbstractPipeline.wrapAndCopyInto(AbstractPipeline.java:499)
at java.base/java.util.stream.FindOps$FindOp.evaluateSequential(FindOps.java:150)
at java.base/java.util.stream.AbstractPipeline.evaluate(AbstractPipeline.java:234)
at java.base/java.util.stream.ReferencePipeline.findFirst(ReferencePipeline.java:647)
at org.openqa.selenium.remote.ProtocolHandshake.createSession(ProtocolHandshake.java:128)
... 43 more
]]>
    </error>
  </testcase> <!-- befortest -->
  <system-out/>
</testsuite> <!-- webapp.prcti1 -->
