<?xml version="1.0" encoding="UTF-8"?>
<!-- Generated by org.testng.reporters.JUnitReportReporter -->
<testsuite hostname="DESKTOP-KJ2AQ4I" failures="0" tests="1" name="webapp.task" time="77.011" errors="0" timestamp="2022-12-06T21:05:03 IST" skipped="0">
  <testcase classname="webapp.task" name="test" time="77.011"/>
  <system-out/>
</testsuite> <!-- webapp.task -->
