<?xml version="1.0" encoding="UTF-8"?>
<!-- Generated by org.testng.reporters.JUnitReportReporter -->
<testsuite hostname="DESKTOP-KJ2AQ4I" failures="0" tests="7" name="webapp.nativeaps1" time="27.822" errors="0" timestamp="2022-12-06T15:41:07 IST" skipped="6">
  <testcase classname="webapp.nativeaps1" name="switchapp" time="27.822"/>
  <system-out/>
  <testcase classname="webapp.nativeaps1" name="testcase3">
    <skipped/>
  </testcase> <!-- testcase3 -->
  <system-out/>
  <testcase classname="webapp.nativeaps1" name="scroll">
    <skipped/>
  </testcase> <!-- scroll -->
  <system-out/>
  <testcase classname="webapp.nativeaps1" name="test2">
    <skipped/>
  </testcase> <!-- test2 -->
  <system-out/>
  <testcase classname="webapp.nativeaps1" name="swipe">
    <skipped/>
  </testcase> <!-- swipe -->
  <system-out/>
  <testcase classname="webapp.nativeaps1" name="testcase1">
    <skipped/>
  </testcase> <!-- testcase1 -->
  <system-out/>
  <testcase classname="webapp.nativeaps1" name="dropdown">
    <skipped/>
  </testcase> <!-- dropdown -->
  <system-out/>
</testsuite> <!-- webapp.nativeaps1 -->
