<?xml version="1.0" encoding="UTF-8"?>
<!-- Generated by org.testng.reporters.JUnitReportReporter -->
<testsuite hostname="DESKTOP-KJ2AQ4I" failures="0" tests="1" name="webapp.calculator" time="2.525" errors="0" timestamp="2022-12-04T15:52:28 IST" skipped="0">
  <testcase classname="webapp.calculator" name="testcase1" time="2.525"/>
  <system-out/>
</testsuite> <!-- webapp.calculator -->
